<?xml version="1.0" encoding="UTF-8"?>
<!-- Generated by org.testng.reporters.JUnitXMLReporter -->
<testsuite hostname="PC039ZCQ" ignored="0" name="Sheetal" tests="7" failures="0" timestamp="2020-07-22T17:50:18 PDT" time="0.078" errors="0">
  <testcase name="Demo" time="0.006" classname="TestPackage.testNG1"/>
  <testcase name="Demo1" time="0.002" classname="TestPackage.testNG1"/>
  <testcase name="Demo" time="0.003" classname="TestPackage.testNG2"/>
  <testcase name="Demo" time="0.002" classname="TestPackage.testNG2"/>
  <testcase name="Fan" time="0.001" classname="TestPackage.testNG2"/>
  <testcase name="Memo" time="0.003" classname="TestPackage.estNG4"/>
  <testcase name="my" time="0.002" classname="TestPackage.estNG4"/>
</testsuite> <!-- Sheetal -->
